<?xml version="1.0" encoding="UTF-8"?>
<!-- Generated by org.testng.reporters.JUnitReportReporter -->
<testsuite hostname="DESKTOP-SNCN38L" failures="0" tests="1" name="com.crm.testfiles.LoginLogoutOfVtiger" time="12.582" errors="0" timestamp="2022-03-23T14:33:40 IST" skipped="0">
  <testcase classname="com.crm.testfiles.LoginLogoutOfVtiger" name="credentials" time="12.582"/>
  <system-out/>
</testsuite> <!-- com.crm.testfiles.LoginLogoutOfVtiger -->
